<?xml version="1.0" encoding="UTF-8"?>
<testsuite xmlns:xsi="http://www.w3.org/2001/XMLSchema-instance" xsi:noNamespaceSchemaLocation="https://maven.apache.org/surefire/maven-surefire-plugin/xsd/surefire-test-report-3.0.xsd" version="3.0" name="com.upc.aventurape.platform.PlatformApplicationTests" time="12.115" tests="1" errors="0" skipped="0" failures="0">
  <properties>
[...]
</properties>
  <testcase name="contextLoads" classname="com.upc.aventurape.platform.PlatformApplicationTests" time="0.476">
    <system-out><![CDATA[05:31:34.475 [main] INFO org.springframework.test.context.support.AnnotationConfigContextLoaderUtils -- Could not detect default configuration classes for test class [com.upc.aventurape.platform.PlatformApplicationTests]: PlatformApplicationTests does not declare any static, non-private, non-final, nested classes annotated with @Configuration.
05:31:34.574 [main] INFO org.springframework.boot.test.context.SpringBootTestContextBootstrapper -- Found @SpringBootConfiguration com.upc.aventurape.platform.PlatformApplication for test class com.upc.aventurape.platform.PlatformApplicationTests
05:31:34.707 [main] INFO org.springframework.boot.devtools.restart.RestartApplicationListener -- Restart disabled due to context in which it is running

  .   ____          _            __ _ _
 /\\ / ___'_ __ _ _(_)_ __  __ _ \ \ \ \
( ( )\___ | '_ | '_| | '_ \/ _` | \ \ \ \
 \\/  ___)| |_)| | | | | || (_| |  ) ) ) )
  '  |____| .__|_| |_|_| |_\__, | / / / /
 =========|_|==============|___/=/_/_/_/
 :: Spring Boot ::                (v3.2.9)

2024-09-11T05:31:34.980-05:00  INFO 6080 --- [AventuraPe Platform] [           main] c.u.a.platform.PlatformApplicationTests  : Starting PlatformApplicationTests using Java 22.0.2 with PID 6080 (started by Aldo in F:\Projects_DDD\AventuraPe_Backend)
2024-09-11T05:31:34.982-05:00  INFO 6080 --- [AventuraPe Platform] [           main] c.u.a.platform.PlatformApplicationTests  : No active profile set, falling back to 1 default profile: "default"
2024-09-11T05:31:35.960-05:00  INFO 6080 --- [AventuraPe Platform] [           main] .s.d.r.c.RepositoryConfigurationDelegate : Bootstrapping Spring Data JPA repositories in DEFAULT mode.
2024-09-11T05:31:36.041-05:00  INFO 6080 --- [AventuraPe Platform] [           main] .s.d.r.c.RepositoryConfigurationDelegate : Finished Spring Data repository scanning in 74 ms. Found 3 JPA repository interfaces.
2024-09-11T05:31:36.770-05:00  INFO 6080 --- [AventuraPe Platform] [           main] o.hibernate.jpa.internal.util.LogHelper  : HHH000204: Processing PersistenceUnitInfo [name: default]
2024-09-11T05:31:36.827-05:00  INFO 6080 --- [AventuraPe Platform] [           main] org.hibernate.Version                    : HHH000412: Hibernate ORM core version 6.4.10.Final
2024-09-11T05:31:36.863-05:00  INFO 6080 --- [AventuraPe Platform] [           main] o.h.c.internal.RegionFactoryInitiator    : HHH000026: Second-level cache disabled
2024-09-11T05:31:37.096-05:00  INFO 6080 --- [AventuraPe Platform] [           main] o.s.o.j.p.SpringPersistenceUnitInfo      : No LoadTimeWeaver setup: ignoring JPA class transformer
2024-09-11T05:31:37.122-05:00  INFO 6080 --- [AventuraPe Platform] [           main] com.zaxxer.hikari.HikariDataSource       : HikariPool-1 - Starting...
2024-09-11T05:31:39.144-05:00  INFO 6080 --- [AventuraPe Platform] [           main] com.zaxxer.hikari.pool.HikariPool        : HikariPool-1 - Added connection org.postgresql.jdbc.PgConnection@322ab6ce
2024-09-11T05:31:39.145-05:00  INFO 6080 --- [AventuraPe Platform] [           main] com.zaxxer.hikari.HikariDataSource       : HikariPool-1 - Start completed.
2024-09-11T05:31:39.377-05:00  WARN 6080 --- [AventuraPe Platform] [           main] org.hibernate.orm.deprecation            : HHH90000025: PostgreSQLDialect does not need to be specified explicitly using 'hibernate.dialect' (remove the property setting and it will be selected by default)
2024-09-11T05:31:40.675-05:00  INFO 6080 --- [AventuraPe Platform] [           main] o.h.e.t.j.p.i.JtaPlatformInitiator       : HHH000489: No JTA platform available (set 'hibernate.transaction.jta.platform' to enable JTA platform integration)
2024-09-11T05:31:43.061-05:00  INFO 6080 --- [AventuraPe Platform] [           main] j.LocalContainerEntityManagerFactoryBean : Initialized JPA EntityManagerFactory for persistence unit 'default'
2024-09-11T05:31:44.170-05:00  INFO 6080 --- [AventuraPe Platform] [           main] o.s.b.a.e.web.EndpointLinksResolver      : Exposing 1 endpoint(s) beneath base path '/actuator'
2024-09-11T05:31:44.285-05:00  INFO 6080 --- [AventuraPe Platform] [           main] o.s.s.web.DefaultSecurityFilterChain     : Will secure any request with [org.springframework.security.web.session.DisableEncodeUrlFilter@12d76643, org.springframework.security.web.context.request.async.WebAsyncManagerIntegrationFilter@24a5ddd7, org.springframework.security.web.context.SecurityContextHolderFilter@3a892b9f, org.springframework.security.web.header.HeaderWriterFilter@4a2891d1, org.springframework.web.filter.CorsFilter@19266ca3, org.springframework.security.web.authentication.logout.LogoutFilter@6f54d397, com.upc.aventurape.platform.users.infrastructure.authorization.sfs.pipline.BearerAuthorizationRequestFilter@332fc35c, org.springframework.security.web.savedrequest.RequestCacheAwareFilter@466a5b80, org.springframework.security.web.servletapi.SecurityContextHolderAwareRequestFilter@64f55630, org.springframework.security.web.authentication.AnonymousAuthenticationFilter@4b3ea082, org.springframework.security.web.session.SessionManagementFilter@11f81488, org.springframework.security.web.access.ExceptionTranslationFilter@2fedf25b, org.springframework.security.web.access.intercept.AuthorizationFilter@5c519681]
2024-09-11T05:31:44.970-05:00  INFO 6080 --- [AventuraPe Platform] [           main] c.u.a.platform.PlatformApplicationTests  : Started PlatformApplicationTests in 10.275 seconds (process running for 11.076)
2024-09-11T05:31:45.035-05:00  INFO 6080 --- [AventuraPe Platform] [           main] a.p.u.a.i.e.ApplicationReadyEventHandler : Starting to verify if roles seeding is needed for AventuraPe Platform at 2024-09-11 05:31:45.035
Hibernate: select r1_0.id from roles r1_0 where r1_0.name=? fetch first ? rows only
Hibernate: select r1_0.id from roles r1_0 where r1_0.name=? fetch first ? rows only
Hibernate: select r1_0.id from roles r1_0 where r1_0.name=? fetch first ? rows only
2024-09-11T05:31:45.952-05:00  INFO 6080 --- [AventuraPe Platform] [           main] a.p.u.a.i.e.ApplicationReadyEventHandler : Roles seeding verification finished for AventuraPe Platform at 2024-09-11 05:31:45.952
]]></system-out>
    <system-err><![CDATA[WARNING: A Java agent has been loaded dynamically (C:\Users\Aldo\.m2\repository\net\bytebuddy\byte-buddy-agent\1.14.19\byte-buddy-agent-1.14.19.jar)
WARNING: If a serviceability tool is in use, please run with -XX:+EnableDynamicAgentLoading to hide this warning
WARNING: If a serviceability tool is not in use, please run with -Djdk.instrument.traceUsage for more information
WARNING: Dynamic loading of agents will be disallowed by default in a future release
]]></system-err>
  </testcase>
</testsuite>